<?xml version="1.0" encoding="UTF-8"?>
<!-- Generated by org.testng.reporters.JUnitXMLReporter -->
<testsuite ignored="0" hostname="Abhisek-mohanta" failures="0" tests="11" name="Test" time="65.248" errors="0" timestamp="2024-03-12T11:03:44 IST">
  <testcase classname="testcases.DemoAutomationRegister" name="DemoRegisterAutomation" time="0.24"/>
  <testcase classname="testcases.DemoAutomationRegister" name="clickOnSwitchToAlertAndValidateTitlePage" time="2.812"/>
  <testcase classname="testcases.DemoAutomationRegister" name="handleAlertsPopupAndValidateTheTextInsideAnAlertsPopup" time="5.568"/>
  <testcase classname="testcases.DemoAutomationRegister" name="clickOnRegisterLinkAndFillTheForms" time="11.006"/>
  <testcase classname="testcases.DemoAutomationRegister" name="clickOnCountryDropDownAndSelectEachCountryOptionsOneByOne" time="7.198"/>
  <testcase classname="testcases.DemoAutomationRegister" name="clickOnCountryDropDownAndValidateEachCountryOptionsIsSelectableOneByOneFromDropdown" time="2.539"/>
  <testcase classname="testcases.DemoAutomationRegister" name="checkAndUncheckEachCheckBoxAndValidateThatCheckBox" time="0.87"/>
  <testcase classname="testcases.DemoAutomationRegister" name="selectEachRadioOptionsForGenderValidateThatOnlyOneRadioButtonShouldBeSelect" time="4.612"/>
  <testcase classname="testcases.DemoAutomationRegister" name="selectMonthYearDateInDropdown" time="6.656"/>
  <testcase classname="testcases.DemoAutomationRegister" name="fileUploadAction" time="5.317"/>
  <testcase classname="testcases.DemoAutomationRegister" name="filltheRegisterFormAndValidateErrorMessage" time="8.085"/>
</testsuite> <!-- Test -->
