<?xml version="1.0" encoding="UTF-8"?>
<!-- Generated by org.testng.reporters.JUnitXMLReporter -->
<testsuite ignored="0" hostname="Surya-Prakash" failures="0" tests="11" name="Test" time="68.651" errors="0" timestamp="2024-03-15T20:39:02 IST">
  <testcase classname="testcases.FormManagement_L1_TestCases" name="DemoRegisterAutomation" time="0.067"/>
  <testcase classname="testcases.FormManagement_L1_TestCases" name="clickOnSwitchToAlertAndValidateTitlePage" time="2.297"/>
  <testcase classname="testcases.FormManagement_L1_TestCases" name="handleAlertsPopupAndValidateTheTextInsideAnAlertsPopup" time="5.122"/>
  <testcase classname="testcases.FormManagement_L1_TestCases" name="clickOnRegisterLinkAndFillTheForms" time="8.083"/>
  <testcase classname="testcases.FormManagement_L1_TestCases" name="clickOnCountryDropDownAndSelectEachCountryOptionsOneByOne" time="8.018"/>
  <testcase classname="testcases.FormManagement_L1_TestCases" name="clickOnCountryDropDownAndValidateEachCountryOptionsIsSelectableOneByOneFromDropdown" time="3.132"/>
  <testcase classname="testcases.FormManagement_L1_TestCases" name="checkAndUncheckEachCheckBoxAndValidateThatCheckBox" time="0.468"/>
  <testcase classname="testcases.FormManagement_L1_TestCases" name="selectEachRadioOptionsForGenderValidateThatOnlyOneRadioButtonShouldBeSelect" time="4.217"/>
  <testcase classname="testcases.FormManagement_L1_TestCases" name="selectMonthYearDateInDropdown" time="0.375"/>
  <testcase classname="testcases.FormManagement_L1_TestCases" name="uploadAImage" time="15.329"/>
  <testcase classname="testcases.FormManagement_L1_TestCases" name="fillTheDetailsAndClickOnTheSubmitButton" time="8.835"/>
</testsuite> <!-- Test -->
