<?xml version="1.0" encoding="UTF-8"?>
<testng-results ignored="0" total="11" passed="11" failed="0" skipped="0">
  <reporter-output>
  </reporter-output>
  <suite started-at="2024-03-28T14:01:18 IST" name="Suite" finished-at="2024-03-28T14:02:00 IST" duration-ms="41828">
    <groups>
      <group name="sanity">
        <method signature="FormManagement_L1_TestCases.DemoRegisterAutomation()[pri:1, instance:testcases.FormManagement_L1_TestCases@740abb5]" name="DemoRegisterAutomation" class="testcases.FormManagement_L1_TestCases"/>
        <method signature="FormManagement_L1_TestCases.clickOnSwitchToAlertAndValidateTitlePage()[pri:2, instance:testcases.FormManagement_L1_TestCases@740abb5]" name="clickOnSwitchToAlertAndValidateTitlePage" class="testcases.FormManagement_L1_TestCases"/>
        <method signature="FormManagement_L1_TestCases.handleAlertsPopupAndValidateTheTextInsideAnAlertsPopup()[pri:3, instance:testcases.FormManagement_L1_TestCases@740abb5]" name="handleAlertsPopupAndValidateTheTextInsideAnAlertsPopup" class="testcases.FormManagement_L1_TestCases"/>
        <method signature="FormManagement_L1_TestCases.clickOnRegisterLinkAndFillTheForms()[pri:4, instance:testcases.FormManagement_L1_TestCases@740abb5]" name="clickOnRegisterLinkAndFillTheForms" class="testcases.FormManagement_L1_TestCases"/>
        <method signature="FormManagement_L1_TestCases.clickOnCountryDropDownAndSelectEachCountryOptionsOneByOne()[pri:5, instance:testcases.FormManagement_L1_TestCases@740abb5]" name="clickOnCountryDropDownAndSelectEachCountryOptionsOneByOne" class="testcases.FormManagement_L1_TestCases"/>
        <method signature="FormManagement_L1_TestCases.clickOnCountryDropDownAndValidateEachCountryOptionsIsSelectableOneByOneFromDropdown()[pri:6, instance:testcases.FormManagement_L1_TestCases@740abb5]" name="clickOnCountryDropDownAndValidateEachCountryOptionsIsSelectableOneByOneFromDropdown" class="testcases.FormManagement_L1_TestCases"/>
        <method signature="FormManagement_L1_TestCases.checkAndUncheckEachCheckBoxAndValidateThatCheckBox()[pri:7, instance:testcases.FormManagement_L1_TestCases@740abb5]" name="checkAndUncheckEachCheckBoxAndValidateThatCheckBox" class="testcases.FormManagement_L1_TestCases"/>
        <method signature="FormManagement_L1_TestCases.selectEachRadioOptionsForGenderValidateThatOnlyOneRadioButtonShouldBeSelect()[pri:8, instance:testcases.FormManagement_L1_TestCases@740abb5]" name="selectEachRadioOptionsForGenderValidateThatOnlyOneRadioButtonShouldBeSelect" class="testcases.FormManagement_L1_TestCases"/>
        <method signature="FormManagement_L1_TestCases.selectMonthYearDateInDropdown()[pri:9, instance:testcases.FormManagement_L1_TestCases@740abb5]" name="selectMonthYearDateInDropdown" class="testcases.FormManagement_L1_TestCases"/>
        <method signature="FormManagement_L1_TestCases.fillTheDetailsAndClickOnTheSubmitButton()[pri:10, instance:testcases.FormManagement_L1_TestCases@740abb5]" name="fillTheDetailsAndClickOnTheSubmitButton" class="testcases.FormManagement_L1_TestCases"/>
        <method signature="FormManagement_L1_TestCases.afterClickOnSakinaliumCrossBrowserTestingDisplayThatText()[pri:11, instance:testcases.FormManagement_L1_TestCases@740abb5]" name="afterClickOnSakinaliumCrossBrowserTestingDisplayThatText" class="testcases.FormManagement_L1_TestCases"/>
      </group> <!-- sanity -->
    </groups>
    <test started-at="2024-03-28T14:01:18 IST" name="Test" finished-at="2024-03-28T14:02:00 IST" duration-ms="41828">
      <class name="testcases.FormManagement_L1_TestCases">
        <test-method is-config="true" signature="initBrowser(java.lang.String,java.lang.String)[pri:0, instance:testcases.FormManagement_L1_TestCases@740abb5]" started-at="2024-03-28T14:01:18 IST" name="initBrowser" finished-at="2024-03-28T14:01:25 IST" duration-ms="6814" status="PASS">
          <params>
            <param index="0">
              <value>
                <![CDATA[chrome]]>
              </value>
            </param>
            <param index="1">
              <value>
                <![CDATA[dev]]>
              </value>
            </param>
          </params>
          <reporter-output>
          </reporter-output>
        </test-method> <!-- initBrowser -->
        <test-method signature="DemoRegisterAutomation()[pri:1, instance:testcases.FormManagement_L1_TestCases@740abb5]" started-at="2024-03-28T14:01:25 IST" name="DemoRegisterAutomation" description="Navigate to the URL and Validate the Home Page" finished-at="2024-03-28T14:01:25 IST" duration-ms="111" status="PASS">
          <reporter-output>
          </reporter-output>
        </test-method> <!-- DemoRegisterAutomation -->
        <test-method signature="clickOnSwitchToAlertAndValidateTitlePage()[pri:2, instance:testcases.FormManagement_L1_TestCases@740abb5]" started-at="2024-03-28T14:01:25 IST" name="clickOnSwitchToAlertAndValidateTitlePage" description="Click SwitchTo  Alert Link. and Validate if control is navigated to new page" finished-at="2024-03-28T14:01:25 IST" duration-ms="597" status="PASS">
          <reporter-output>
          </reporter-output>
        </test-method> <!-- clickOnSwitchToAlertAndValidateTitlePage -->
        <test-method signature="handleAlertsPopupAndValidateTheTextInsideAnAlertsPopup()[pri:3, instance:testcases.FormManagement_L1_TestCases@740abb5]" started-at="2024-03-28T14:01:25 IST" name="handleAlertsPopupAndValidateTheTextInsideAnAlertsPopup" description="Click on button to display the alert box and Validate if alert popup is shown." finished-at="2024-03-28T14:01:31 IST" duration-ms="5202" status="PASS">
          <reporter-output>
          </reporter-output>
        </test-method> <!-- handleAlertsPopupAndValidateTheTextInsideAnAlertsPopup -->
        <test-method signature="clickOnRegisterLinkAndFillTheForms()[pri:4, instance:testcases.FormManagement_L1_TestCases@740abb5]" started-at="2024-03-28T14:01:31 IST" name="clickOnRegisterLinkAndFillTheForms" description="Click on Register menu option to navigate to Register page. and  Fill the form with data provided in excel sheet." finished-at="2024-03-28T14:01:38 IST" duration-ms="7896" status="PASS">
          <reporter-output>
          </reporter-output>
        </test-method> <!-- clickOnRegisterLinkAndFillTheForms -->
        <test-method signature="clickOnCountryDropDownAndSelectEachCountryOptionsOneByOne()[pri:5, instance:testcases.FormManagement_L1_TestCases@740abb5]" started-at="2024-03-28T14:01:38 IST" name="clickOnCountryDropDownAndSelectEachCountryOptionsOneByOne" description="Click on the country dropdown and Select each country option one by one." finished-at="2024-03-28T14:01:44 IST" duration-ms="5363" status="PASS">
          <reporter-output>
          </reporter-output>
        </test-method> <!-- clickOnCountryDropDownAndSelectEachCountryOptionsOneByOne -->
        <test-method signature="clickOnCountryDropDownAndValidateEachCountryOptionsIsSelectableOneByOneFromDropdown()[pri:6, instance:testcases.FormManagement_L1_TestCases@740abb5]" started-at="2024-03-28T14:01:44 IST" name="clickOnCountryDropDownAndValidateEachCountryOptionsIsSelectableOneByOneFromDropdown" description="Click on the country dropdown and Validate if each country option is selectable from the dropdown." finished-at="2024-03-28T14:01:45 IST" duration-ms="1217" status="PASS">
          <reporter-output>
          </reporter-output>
        </test-method> <!-- clickOnCountryDropDownAndValidateEachCountryOptionsIsSelectableOneByOneFromDropdown -->
        <test-method signature="checkAndUncheckEachCheckBoxAndValidateThatCheckBox()[pri:7, instance:testcases.FormManagement_L1_TestCases@740abb5]" started-at="2024-03-28T14:01:45 IST" name="checkAndUncheckEachCheckBoxAndValidateThatCheckBox" description=" Check and uncheck each hobby checkbox and Validate that the checkboxes are responding correctly to user interaction, allowing selection and deselection." finished-at="2024-03-28T14:01:47 IST" duration-ms="1497" status="PASS">
          <reporter-output>
          </reporter-output>
        </test-method> <!-- checkAndUncheckEachCheckBoxAndValidateThatCheckBox -->
        <test-method signature="selectEachRadioOptionsForGenderValidateThatOnlyOneRadioButtonShouldBeSelect()[pri:8, instance:testcases.FormManagement_L1_TestCases@740abb5]" started-at="2024-03-28T14:01:47 IST" name="selectEachRadioOptionsForGenderValidateThatOnlyOneRadioButtonShouldBeSelect" description="Select each radio button option for gender and Validate that only one radio button option should be selectable at a time." finished-at="2024-03-28T14:01:51 IST" duration-ms="4590" status="PASS">
          <reporter-output>
          </reporter-output>
        </test-method> <!-- selectEachRadioOptionsForGenderValidateThatOnlyOneRadioButtonShouldBeSelect -->
        <test-method signature="selectMonthYearDateInDropdown()[pri:9, instance:testcases.FormManagement_L1_TestCases@740abb5]" started-at="2024-03-28T14:01:51 IST" name="selectMonthYearDateInDropdown" description="Select different dates from the Date Of Birth fields" finished-at="2024-03-28T14:01:52 IST" duration-ms="962" status="PASS">
          <reporter-output>
          </reporter-output>
        </test-method> <!-- selectMonthYearDateInDropdown -->
        <test-method signature="fillTheDetailsAndClickOnTheSubmitButton()[pri:10, instance:testcases.FormManagement_L1_TestCases@740abb5]" started-at="2024-03-28T14:01:52 IST" name="fillTheDetailsAndClickOnTheSubmitButton" description="click On Register And Fill FirstNameTextbox lastNameTextbox addressInputAreabox emailAddress Textbox And submitButton" finished-at="2024-03-28T14:01:59 IST" duration-ms="6464" status="PASS">
          <reporter-output>
          </reporter-output>
        </test-method> <!-- fillTheDetailsAndClickOnTheSubmitButton -->
        <test-method signature="afterClickOnSakinaliumCrossBrowserTestingDisplayThatText()[pri:11, instance:testcases.FormManagement_L1_TestCases@740abb5]" started-at="2024-03-28T14:01:59 IST" name="afterClickOnSakinaliumCrossBrowserTestingDisplayThatText" description="click on Interaction Navigation Menu bar, then click on selectable option, then click on Serialize tab, then click on Sakinalium - Cross Browser Testing option. after click on Sakinalium - Cross Browser Testing some text value will display . Fetch that text value" finished-at="2024-03-28T14:01:59 IST" duration-ms="648" status="PASS">
          <reporter-output>
          </reporter-output>
        </test-method> <!-- afterClickOnSakinaliumCrossBrowserTestingDisplayThatText -->
        <test-method is-config="true" signature="tearDown()[pri:0, instance:testcases.FormManagement_L1_TestCases@740abb5]" started-at="2024-03-28T14:01:59 IST" name="tearDown" finished-at="2024-03-28T14:02:00 IST" duration-ms="307" status="PASS">
          <reporter-output>
          </reporter-output>
        </test-method> <!-- tearDown -->
      </class> <!-- testcases.FormManagement_L1_TestCases -->
    </test> <!-- Test -->
  </suite> <!-- Suite -->
</testng-results>
